0 info it worked if it ends with ok
1 verbose cli [ 'node',
1 verbose cli   '/usr/local/bin/npm',
1 verbose cli   'install',
1 verbose cli   '--save-dev',
1 verbose cli   'gulp-utils',
1 verbose cli   'gulp-gh-pages' ]
2 info using npm@1.4.28
3 info using node@v0.10.32
4 warn package.json bundle-loader@0.5.0 No repository field.
5 warn package.json jade-loader@0.6.1 No repository field.
6 verbose readDependencies using package.json deps
7 verbose cache add [ 'gulp-utils', null ]
8 verbose cache add name=undefined spec="gulp-utils" args=["gulp-utils",null]
9 verbose parsed url { protocol: null,
9 verbose parsed url   slashes: null,
9 verbose parsed url   auth: null,
9 verbose parsed url   host: null,
9 verbose parsed url   port: null,
9 verbose parsed url   hostname: null,
9 verbose parsed url   hash: null,
9 verbose parsed url   search: null,
9 verbose parsed url   query: null,
9 verbose parsed url   pathname: 'gulp-utils',
9 verbose parsed url   path: 'gulp-utils',
9 verbose parsed url   href: 'gulp-utils' }
10 verbose cache add [ 'gulp-gh-pages', null ]
11 verbose cache add name=undefined spec="gulp-gh-pages" args=["gulp-gh-pages",null]
12 verbose parsed url { protocol: null,
12 verbose parsed url   slashes: null,
12 verbose parsed url   auth: null,
12 verbose parsed url   host: null,
12 verbose parsed url   port: null,
12 verbose parsed url   hostname: null,
12 verbose parsed url   hash: null,
12 verbose parsed url   search: null,
12 verbose parsed url   query: null,
12 verbose parsed url   pathname: 'gulp-gh-pages',
12 verbose parsed url   path: 'gulp-gh-pages',
12 verbose parsed url   href: 'gulp-gh-pages' }
13 silly lockFile 857e4415-gulp-utils gulp-utils
14 verbose lock gulp-utils /Users/mark/.npm/857e4415-gulp-utils.lock
15 silly lockFile eb41d87d-gulp-gh-pages gulp-gh-pages
16 verbose lock gulp-gh-pages /Users/mark/.npm/eb41d87d-gulp-gh-pages.lock
17 silly lockFile 857e4415-gulp-utils gulp-utils
18 silly lockFile 857e4415-gulp-utils gulp-utils
19 silly lockFile eb41d87d-gulp-gh-pages gulp-gh-pages
20 silly lockFile eb41d87d-gulp-gh-pages gulp-gh-pages
21 verbose addNamed [ 'gulp-utils', '' ]
22 verbose addNamed [ null, '*' ]
23 silly lockFile e55e02d4-gulp-utils gulp-utils@
24 verbose lock gulp-utils@ /Users/mark/.npm/e55e02d4-gulp-utils.lock
25 verbose addNamed [ 'gulp-gh-pages', '' ]
26 verbose addNamed [ null, '*' ]
27 silly lockFile 8e47d46c-gulp-gh-pages gulp-gh-pages@
28 verbose lock gulp-gh-pages@ /Users/mark/.npm/8e47d46c-gulp-gh-pages.lock
29 silly addNameRange { name: 'gulp-utils', range: '*', hasData: false }
30 verbose request where is /gulp-utils
31 verbose request registry https://registry.npmjs.org/
32 verbose request id e191d35e949c8344
33 verbose url raw /gulp-utils
34 verbose url resolving [ 'https://registry.npmjs.org/', './gulp-utils' ]
35 verbose url resolved https://registry.npmjs.org/gulp-utils
36 verbose request where is https://registry.npmjs.org/gulp-utils
37 info trying registry request attempt 1 at 00:27:36
38 http GET https://registry.npmjs.org/gulp-utils
39 silly addNameRange { name: 'gulp-gh-pages', range: '*', hasData: false }
40 verbose request where is /gulp-gh-pages
41 verbose request registry https://registry.npmjs.org/
42 verbose url raw /gulp-gh-pages
43 verbose url resolving [ 'https://registry.npmjs.org/', './gulp-gh-pages' ]
44 verbose url resolved https://registry.npmjs.org/gulp-gh-pages
45 verbose request where is https://registry.npmjs.org/gulp-gh-pages
46 info trying registry request attempt 1 at 00:27:36
47 verbose etag "68P9BPBJ7PUT4Z5TANZ7NEP1U"
48 http GET https://registry.npmjs.org/gulp-gh-pages
49 http 404 https://registry.npmjs.org/gulp-utils
50 verbose headers { date: 'Tue, 14 Oct 2014 22:27:36 GMT',
50 verbose headers   server: 'CouchDB/1.5.0 (Erlang OTP/R16B03)',
50 verbose headers   'content-type': 'application/json',
50 verbose headers   'cache-control': 'max-age=0',
50 verbose headers   'content-length': '52',
50 verbose headers   'accept-ranges': 'bytes',
50 verbose headers   via: '1.1 varnish',
50 verbose headers   age: '0',
50 verbose headers   'x-served-by': 'cache-ams4129-AMS',
50 verbose headers   'x-cache': 'MISS',
50 verbose headers   'x-cache-hits': '0',
50 verbose headers   'x-timer': 'S1413325656.272910,VS0,VE657',
50 verbose headers   'keep-alive': 'timeout=10, max=50',
50 verbose headers   connection: 'Keep-Alive' }
51 silly registry.get cb [ 404,
51 silly registry.get   { date: 'Tue, 14 Oct 2014 22:27:36 GMT',
51 silly registry.get     server: 'CouchDB/1.5.0 (Erlang OTP/R16B03)',
51 silly registry.get     'content-type': 'application/json',
51 silly registry.get     'cache-control': 'max-age=0',
51 silly registry.get     'content-length': '52',
51 silly registry.get     'accept-ranges': 'bytes',
51 silly registry.get     via: '1.1 varnish',
51 silly registry.get     age: '0',
51 silly registry.get     'x-served-by': 'cache-ams4129-AMS',
51 silly registry.get     'x-cache': 'MISS',
51 silly registry.get     'x-cache-hits': '0',
51 silly registry.get     'x-timer': 'S1413325656.272910,VS0,VE657',
51 silly registry.get     'keep-alive': 'timeout=10, max=50',
51 silly registry.get     connection: 'Keep-Alive' } ]
52 silly lockFile e55e02d4-gulp-utils gulp-utils@
53 silly lockFile e55e02d4-gulp-utils gulp-utils@
54 http 304 https://registry.npmjs.org/gulp-gh-pages
55 silly registry.get cb [ 304,
55 silly registry.get   { date: 'Tue, 14 Oct 2014 22:27:36 GMT',
55 silly registry.get     server: 'Apache',
55 silly registry.get     via: '1.1 varnish',
55 silly registry.get     'last-modified': 'Tue, 14 Oct 2014 22:27:36 GMT',
55 silly registry.get     'cache-control': 'max-age=60',
55 silly registry.get     etag: '"68P9BPBJ7PUT4Z5TANZ7NEP1U"',
55 silly registry.get     age: '0',
55 silly registry.get     'x-served-by': 'cache-ams4124-AMS',
55 silly registry.get     'x-cache': 'MISS',
55 silly registry.get     'x-cache-hits': '0',
55 silly registry.get     'x-timer': 'S1413325656.277292,VS0,VE660',
55 silly registry.get     vary: 'Accept',
55 silly registry.get     'content-length': '0',
55 silly registry.get     'keep-alive': 'timeout=10, max=50',
55 silly registry.get     connection: 'Keep-Alive' } ]
56 verbose etag https://registry.npmjs.org/gulp-gh-pages from cache
57 silly addNameRange number 2 { name: 'gulp-gh-pages', range: '*', hasData: true }
58 silly addNameRange versions [ 'gulp-gh-pages',
58 silly addNameRange   [ '0.0.1',
58 silly addNameRange     '0.1.0',
58 silly addNameRange     '0.1.1',
58 silly addNameRange     '0.1.3',
58 silly addNameRange     '0.1.4',
58 silly addNameRange     '0.2.0',
58 silly addNameRange     '0.2.1',
58 silly addNameRange     '0.3.0',
58 silly addNameRange     '0.3.1',
58 silly addNameRange     '0.3.2',
58 silly addNameRange     '0.3.3',
58 silly addNameRange     '0.3.4',
58 silly addNameRange     '0.4.0' ] ]
59 verbose addNamed [ 'gulp-gh-pages', '0.4.0' ]
60 verbose addNamed [ '0.4.0', '0.4.0' ]
61 silly lockFile bbcb1491-gulp-gh-pages-0-4-0 gulp-gh-pages@0.4.0
62 verbose lock gulp-gh-pages@0.4.0 /Users/mark/.npm/bbcb1491-gulp-gh-pages-0-4-0.lock
63 silly lockFile bbcb1491-gulp-gh-pages-0-4-0 gulp-gh-pages@0.4.0
64 silly lockFile bbcb1491-gulp-gh-pages-0-4-0 gulp-gh-pages@0.4.0
65 silly lockFile 8e47d46c-gulp-gh-pages gulp-gh-pages@
66 silly lockFile 8e47d46c-gulp-gh-pages gulp-gh-pages@
67 error 404 404 Not Found: gulp-utils
67 error 404
67 error 404 'gulp-utils' is not in the npm registry.
67 error 404 You should bug the author to publish it
67 error 404 It was specified as a dependency of 'famous-workshop'
67 error 404
67 error 404 Note that you can also install from a
67 error 404 tarball, folder, or http url, or git url.
68 error System Darwin 13.4.0
69 error command "node" "/usr/local/bin/npm" "install" "--save-dev" "gulp-utils" "gulp-gh-pages"
70 error cwd /Users/mark/dev/famous-workshop
71 error node -v v0.10.32
72 error npm -v 1.4.28
73 error code E404
74 verbose exit [ 1, true ]
